<?xml version="1.0" encoding="UTF-8"?>
<testsuite xmlns:xsi="http://www.w3.org/2001/XMLSchema-instance" xsi:noNamespaceSchemaLocation="https://maven.apache.org/surefire/maven-surefire-plugin/xsd/surefire-test-report-3.0.xsd" version="3.0" name="com.demoqa.tests.alertsFrameWindows.AlertsTests" time="8.628" tests="1" errors="0" skipped="0" failures="0">
  <properties>
[...]
</properties>
  <testcase name="alertWithSelectTest" classname="com.demoqa.tests.alertsFrameWindows.AlertsTests" time="8.351">
    <system-err><![CDATA[Mar 30, 2025 10:23:25 AM org.openqa.selenium.manager.SeleniumManager lambda$runCommand$1
WARNING: The geckodriver version (0.35.0) detected in PATH at C:\Tools\geckodriver.exe might not be compatible with the detected firefox version (136.0.4.7); currently, geckodriver 0.36.0 is recommended for firefox 136.*, so it is advised to delete the driver in PATH and retry
]]></system-err>
  </testcase>
</testsuite>