<?xml version="1.0" encoding="UTF-8"?>
<testsuite xmlns:xsi="http://www.w3.org/2001/XMLSchema-instance" xsi:noNamespaceSchemaLocation="https://maven.apache.org/surefire/maven-surefire-plugin/xsd/surefire-test-report-3.0.xsd" version="3.0" name="com.demoqa.tests.elements.ButtonsTests" time="10.685" tests="2" errors="0" skipped="0" failures="0">
  <properties>
[...]
</properties>
  <testcase name="rightClickTest" classname="com.demoqa.tests.elements.ButtonsTests" time="5.679">
    <system-out><![CDATA[11:30:59.720 [main] INFO  com.demoqa.utils.MyListener -- Open url - https://demoqa.com
11:31:01.126 [main] INFO  com.demoqa.tests.TestBase -- Start test rightClickTest()
11:31:01.202 [main] INFO  com.demoqa.utils.MyListener -- We have to click element with locator - [[ChromeDriver: chrome on windows (b29bdffc2297e717ef7864ca6ce518f2)] -> css selector: .card:nth-child(1)]
11:31:01.569 [main] INFO  com.demoqa.utils.MyListener -- We have to click element with locator - [[ChromeDriver: chrome on windows (b29bdffc2297e717ef7864ca6ce518f2)] -> xpath: //span[.='Buttons']]
11:31:03.372 [main] INFO  com.demoqa.tests.TestBase -- Stop test
11:31:03.373 [main] INFO  com.demoqa.tests.TestBase -- *************************************
]]></system-out>
    <system-err><![CDATA[Apr 01, 2025 11:30:59 AM org.openqa.selenium.devtools.CdpVersionFinder findNearestMatch
WARNING: Unable to find an exact match for CDP version 134, returning the closest version; found: 133; Please update to a Selenium version that supports CDP version 134
]]></system-err>
  </testcase>
  <testcase name="doubleClickTest" classname="com.demoqa.tests.elements.ButtonsTests" time="4.768">
    <system-out><![CDATA[11:31:04.332 [main] INFO  com.demoqa.utils.MyListener -- Open url - https://demoqa.com
11:31:06.469 [main] INFO  com.demoqa.tests.TestBase -- Start test doubleClickTest()
11:31:06.519 [main] INFO  com.demoqa.utils.MyListener -- We have to click element with locator - [[ChromeDriver: chrome on windows (879f9038d7118cc11f9840589d5ff81f)] -> css selector: .card:nth-child(1)]
11:31:06.710 [main] INFO  com.demoqa.utils.MyListener -- We have to click element with locator - [[ChromeDriver: chrome on windows (879f9038d7118cc11f9840589d5ff81f)] -> xpath: //span[.='Buttons']]
11:31:08.150 [main] INFO  com.demoqa.tests.TestBase -- Stop test
11:31:08.150 [main] INFO  com.demoqa.tests.TestBase -- *************************************
]]></system-out>
    <system-err><![CDATA[Apr 01, 2025 11:31:04 AM org.openqa.selenium.devtools.CdpVersionFinder findNearestMatch
WARNING: Unable to find an exact match for CDP version 134, returning the closest version; found: 133; Please update to a Selenium version that supports CDP version 134
]]></system-err>
  </testcase>
</testsuite>